0 info it worked if it ends with ok
1 verbose cli [ 'C:\\Users\\Marc.Tallon\\Desktop\\Curs Angular\\node.exe',
1 verbose cli   'C:\\Users\\Marc.Tallon\\Desktop\\Curs Angular\\node_modules\\npm\\bin\\npm-cli.js',
1 verbose cli   'start' ]
2 info using npm@3.10.10
3 info using node@v6.9.4
4 verbose run-script [ 'prestart', 'start', 'poststart' ]
5 info lifecycle portal-rsa@0.0.0~prestart: portal-rsa@0.0.0
6 silly lifecycle portal-rsa@0.0.0~prestart: no script for prestart, continuing
7 info lifecycle portal-rsa@0.0.0~start: portal-rsa@0.0.0
8 verbose lifecycle portal-rsa@0.0.0~start: unsafe-perm in lifecycle true
9 verbose lifecycle portal-rsa@0.0.0~start: PATH: C:\Users\Marc.Tallon\Desktop\Curs Angular\node_modules\npm\bin\node-gyp-bin;C:\Users\Marc.Tallon\Desktop\Curs Angular\PortalRSA\node_modules\.bin;C:\windows\system32;C:\windows;C:\windows\System32\Wbem;C:\windows\System32\WindowsPowerShell\v1.0\;C:\Program Files\ThinkPad\Bluetooth Software\;C:\Program Files\ThinkPad\Bluetooth Software\syswow64;C:\Program Files\Intel\WiFi\bin\;C:\Program Files\Common Files\Intel\WirelessCommon\;C:\Program Files (x86)\Lenovo\Access Connections\;D:\oracle\instantclient_12_1\;D:\Programas\GetGnuWin32\bin;D:\Programas\Git\cmd;D:\Programas\WinMerge;C:\Program Files\TortoiseSVN\bin;C:\Program Files (x86)\Skype\Phone\;C:\Users\Marc.Tallon\Desktop\Curs Angular\;C:\Users\Marc.Tallon\Desktop\Curs Angular;C:\Users\Marc.Tallon\AppData\Roaming\npm
10 verbose lifecycle portal-rsa@0.0.0~start: CWD: C:\Users\Marc.Tallon\Desktop\Curs Angular\PortalRSA
11 silly lifecycle portal-rsa@0.0.0~start: Args: [ '/d /s /c', 'ng serve' ]
12 verbose stack Error: kill ENOSYS
12 verbose stack     at exports._errnoException (util.js:1022:11)
12 verbose stack     at process.kill (internal/process.js:172:13)
12 verbose stack     at process.listener (C:\Users\Marc.Tallon\Desktop\Curs Angular\node_modules\npm\node_modules\npmlog\node_modules\gauge\node_modules\signal-exit\index.js:86:15)
12 verbose stack     at emitNone (events.js:91:20)
12 verbose stack     at process.emit (events.js:185:7)
12 verbose stack     at processEmit (C:\Users\Marc.Tallon\Desktop\Curs Angular\node_modules\npm\node_modules\npmlog\node_modules\gauge\node_modules\signal-exit\index.js:146:32)
12 verbose stack     at processEmit (C:\Users\Marc.Tallon\Desktop\Curs Angular\node_modules\npm\node_modules\npm-registry-client\node_modules\npmlog\node_modules\gauge\node_modules\signal-exit\index.js:146:32)
12 verbose stack     at Signal.wrap.onsignal (internal/process.js:199:44)
13 verbose cwd C:\Users\Marc.Tallon\Desktop\Curs Angular\PortalRSA
14 error Windows_NT 6.1.7601
15 error argv "C:\\Users\\Marc.Tallon\\Desktop\\Curs Angular\\node.exe" "C:\\Users\\Marc.Tallon\\Desktop\\Curs Angular\\node_modules\\npm\\bin\\npm-cli.js" "start"
16 error node v6.9.4
17 error npm  v3.10.10
18 error code ENOSYS
19 error errno ENOSYS
20 error syscall kill
21 error kill ENOSYS
22 error If you need help, you may report this error at:
22 error     <https://github.com/npm/npm/issues>
23 verbose exit [ 1, true ]
